<?xml version="1.0" encoding="UTF-8"?>
<!-- Generated by org.testng.reporters.JUnitXMLReporter -->
<testsuite ignored="0" hostname="DESKTOP-S8FJBJ1" failures="0" tests="3" name="Default test" time="0.156" errors="0" timestamp="2025-05-01T23:13:52 IST">
  <testcase classname="testNG.Annotations" name="SignUp" time="0.019"/>
  <testcase classname="testNG.Annotations" name="closeBrowser" time="0.005"/>
  <testcase classname="testNG.Annotations" name="tc1" time="0.004"/>
</testsuite> <!-- Default test -->
