<?xml version="1.0" encoding="UTF-8"?>
<testng-results ignored="0" total="1" passed="1" failed="0" skipped="0">
  <reporter-output>
  </reporter-output>
  <suite started-at="2025-05-01T22:01:14 IST" name="Default suite" finished-at="2025-05-01T22:01:15 IST" duration-ms="141">
    <groups>
    </groups>
    <test started-at="2025-05-01T22:01:14 IST" name="Default test" finished-at="2025-05-01T22:01:15 IST" duration-ms="141">
      <class name="testNG.Annotations">
        <test-method signature="tc1()[pri:0, instance:testNG.Annotations@7b98f307]" started-at="2025-05-01T22:01:14 IST" name="tc1" finished-at="2025-05-01T22:01:15 IST" duration-ms="26" status="PASS">
          <reporter-output>
          </reporter-output>
        </test-method> <!-- tc1 -->
      </class> <!-- testNG.Annotations -->
    </test> <!-- Default test -->
  </suite> <!-- Default suite -->
</testng-results>
