<?xml version="1.0" encoding="UTF-8"?>
<testng-results ignored="0" total="3" passed="3" failed="0" skipped="0">
  <reporter-output>
  </reporter-output>
  <suite started-at="2025-05-01T23:13:52 IST" name="Default suite" finished-at="2025-05-01T23:13:52 IST" duration-ms="156">
    <groups>
    </groups>
    <test started-at="2025-05-01T23:13:52 IST" name="Default test" finished-at="2025-05-01T23:13:52 IST" duration-ms="156">
      <class name="testNG.Annotations">
        <test-method is-config="true" signature="dbconnection()[pri:0, instance:testNG.Annotations@233795b6]" started-at="2025-05-01T23:13:52 IST" name="dbconnection" finished-at="2025-05-01T23:13:52 IST" duration-ms="28" status="PASS">
          <reporter-output>
          </reporter-output>
        </test-method> <!-- dbconnection -->
        <test-method is-config="true" signature="browserSetup()[pri:0, instance:testNG.Annotations@233795b6]" started-at="2025-05-01T23:13:52 IST" name="browserSetup" finished-at="2025-05-01T23:13:52 IST" duration-ms="1" status="PASS">
          <reporter-output>
          </reporter-output>
        </test-method> <!-- browserSetup -->
        <test-method signature="SignUp()[pri:0, instance:testNG.Annotations@233795b6]" started-at="2025-05-01T23:13:52 IST" name="SignUp" finished-at="2025-05-01T23:13:52 IST" duration-ms="19" status="PASS">
          <reporter-output>
          </reporter-output>
        </test-method> <!-- SignUp -->
        <test-method is-config="true" signature="browserSetup()[pri:0, instance:testNG.Annotations@233795b6]" started-at="2025-05-01T23:13:52 IST" name="browserSetup" finished-at="2025-05-01T23:13:52 IST" duration-ms="2" status="PASS">
          <reporter-output>
          </reporter-output>
        </test-method> <!-- browserSetup -->
        <test-method signature="closeBrowser()[pri:0, instance:testNG.Annotations@233795b6]" started-at="2025-05-01T23:13:52 IST" name="closeBrowser" finished-at="2025-05-01T23:13:52 IST" duration-ms="5" status="PASS">
          <reporter-output>
          </reporter-output>
        </test-method> <!-- closeBrowser -->
        <test-method is-config="true" signature="browserSetup()[pri:0, instance:testNG.Annotations@233795b6]" started-at="2025-05-01T23:13:52 IST" name="browserSetup" finished-at="2025-05-01T23:13:52 IST" duration-ms="2" status="PASS">
          <reporter-output>
          </reporter-output>
        </test-method> <!-- browserSetup -->
        <test-method signature="tc1()[pri:0, instance:testNG.Annotations@233795b6]" started-at="2025-05-01T23:13:52 IST" name="tc1" finished-at="2025-05-01T23:13:52 IST" duration-ms="4" status="PASS">
          <reporter-output>
          </reporter-output>
        </test-method> <!-- tc1 -->
        <test-method is-config="true" signature="sendReport()[pri:0, instance:testNG.Annotations@233795b6]" started-at="2025-05-01T23:13:53 IST" name="sendReport" finished-at="2025-05-01T23:13:53 IST" duration-ms="3" status="PASS">
          <reporter-output>
          </reporter-output>
        </test-method> <!-- sendReport -->
      </class> <!-- testNG.Annotations -->
    </test> <!-- Default test -->
  </suite> <!-- Default suite -->
</testng-results>
